ARM GAS  C:\Users\samue\AppData\Local\Temp\cc3EEB3f.s 			page 1


   1              		.cpu cortex-m4
   2              		.arch armv7e-m
   3              		.fpu fpv4-sp-d16
   4              		.eabi_attribute 27, 1
   5              		.eabi_attribute 28, 1
   6              		.eabi_attribute 20, 1
   7              		.eabi_attribute 21, 1
   8              		.eabi_attribute 23, 3
   9              		.eabi_attribute 24, 1
  10              		.eabi_attribute 25, 1
  11              		.eabi_attribute 26, 1
  12              		.eabi_attribute 30, 1
  13              		.eabi_attribute 34, 1
  14              		.eabi_attribute 18, 4
  15              		.file	"user_init.c"
  16              		.text
  17              	.Ltext0:
  18              		.cfi_sections	.debug_frame
  19              		.section	.text.user_init,"ax",%progbits
  20              		.align	1
  21              		.global	user_init
  22              		.syntax unified
  23              		.thumb
  24              		.thumb_func
  26              	user_init:
  27              	.LFB130:
  28              		.file 1 "sources/user_init.c"
   1:sources/user_init.c **** /**
   2:sources/user_init.c ****  * @file user_init.c
   3:sources/user_init.c ****  * 
   4:sources/user_init.c ****  * @author Sam Donnelly (samueldonnelly11@gmail.com)
   5:sources/user_init.c ****  * 
   6:sources/user_init.c ****  * @brief 
   7:sources/user_init.c ****  * 
   8:sources/user_init.c ****  * @version 0.1
   9:sources/user_init.c ****  * @date 2022-02-12
  10:sources/user_init.c ****  * 
  11:sources/user_init.c ****  * @copyright Copyright (c) 2022
  12:sources/user_init.c ****  * 
  13:sources/user_init.c ****  */
  14:sources/user_init.c **** 
  15:sources/user_init.c **** //=======================================================================================
  16:sources/user_init.c **** // Includes 
  17:sources/user_init.c **** 
  18:sources/user_init.c **** #include "user_init.h"
  19:sources/user_init.c **** 
  20:sources/user_init.c **** //=======================================================================================
  21:sources/user_init.c **** 
  22:sources/user_init.c **** 
  23:sources/user_init.c **** // User init function 
  24:sources/user_init.c **** void user_init()
  25:sources/user_init.c **** {
  29              		.loc 1 25 1 view -0
  30              		.cfi_startproc
  31              		@ args = 0, pretend = 0, frame = 0
  32              		@ frame_needed = 0, uses_anonymous_args = 0
  33              		@ link register save eliminated.
ARM GAS  C:\Users\samue\AppData\Local\Temp\cc3EEB3f.s 			page 2


  26:sources/user_init.c ****     // Setup code here
  27:sources/user_init.c **** }
  34              		.loc 1 27 1 view .LVU1
  35 0000 7047     		bx	lr
  36              		.cfi_endproc
  37              	.LFE130:
  39              		.text
  40              	.Letext0:
ARM GAS  C:\Users\samue\AppData\Local\Temp\cc3EEB3f.s 			page 3


DEFINED SYMBOLS
                            *ABS*:00000000 user_init.c
C:\Users\samue\AppData\Local\Temp\cc3EEB3f.s:20     .text.user_init:00000000 $t
C:\Users\samue\AppData\Local\Temp\cc3EEB3f.s:26     .text.user_init:00000000 user_init

NO UNDEFINED SYMBOLS
